<?xml version="1.0" encoding="UTF-8"?>
<!-- Generated by org.testng.reporters.JUnitXMLReporter -->
<testsuite hostname="DKD" ignored="2" name="Test" tests="2" failures="0" timestamp="09 Sep 2018 06:29:28 GMT" time="25.86" errors="0">
  <testcase name="signIn" time="6.631" classname="com.ClearTrip_codingRound_Asmit.SignInTest"/>
  <testcase name="hotelBooking" time="9.519" classname="com.ClearTrip_codingRound_Asmit.HotelBookingTest"/>
  <testcase name="@BeforeSuite setup" time="0.0" classname="com.codingRound_Asmit_GenericLibrary.TestBase">
    <ignored/>
  </testcase> <!-- @BeforeSuite setup -->
  <testcase name="@BeforeTest loadUrl" time="0.0" classname="com.codingRound_Asmit_GenericLibrary.TestBase">
    <ignored/>
  </testcase> <!-- @BeforeTest loadUrl -->
</testsuite> <!-- Test -->
