<?xml version="1.0" encoding="UTF-8"?>
<testng-results skipped="0" failed="0" ignored="2" total="4" passed="2">
  <reporter-output>
  </reporter-output>
  <suite name="Suite" duration-ms="25860" started-at="2018-09-09T06:29:02Z" finished-at="2018-09-09T06:29:27Z">
    <groups>
    </groups>
    <test name="Test" duration-ms="25860" started-at="2018-09-09T06:29:02Z" finished-at="2018-09-09T06:29:27Z">
      <class name="com.ClearTrip_codingRound_Asmit.HotelBookingTest">
        <test-method status="PASS" signature="hotelBooking()[pri:0, instance:com.ClearTrip_codingRound_Asmit.HotelBookingTest@1bce4f0a]" name="hotelBooking" duration-ms="9519" started-at="2018-09-09T06:29:18Z" finished-at="2018-09-09T06:29:27Z">
          <reporter-output>
          </reporter-output>
        </test-method> <!-- hotelBooking -->
      </class> <!-- com.ClearTrip_codingRound_Asmit.HotelBookingTest -->
      <class name="com.ClearTrip_codingRound_Asmit.SignInTest">
        <test-method status="PASS" signature="setup(java.lang.String)[pri:0, instance:com.ClearTrip_codingRound_Asmit.SignInTest@3bfdc050]" name="setup" is-config="true" duration-ms="18623" started-at="2018-09-09T06:28:43Z" finished-at="2018-09-09T06:29:02Z">
          <params>
            <param index="0">
              <value>
                <![CDATA[chrome]]>
              </value>
            </param>
          </params>
          <reporter-output>
          </reporter-output>
        </test-method> <!-- setup -->
        <test-method status="PASS" signature="loadUrl()[pri:0, instance:com.ClearTrip_codingRound_Asmit.SignInTest@3bfdc050]" name="loadUrl" is-config="true" duration-ms="9685" started-at="2018-09-09T06:29:02Z" finished-at="2018-09-09T06:29:11Z">
          <reporter-output>
          </reporter-output>
        </test-method> <!-- loadUrl -->
        <test-method status="PASS" signature="signIn()[pri:0, instance:com.ClearTrip_codingRound_Asmit.SignInTest@3bfdc050]" name="signIn" duration-ms="6631" started-at="2018-09-09T06:29:11Z" finished-at="2018-09-09T06:29:18Z">
          <reporter-output>
          </reporter-output>
        </test-method> <!-- signIn -->
      </class> <!-- com.ClearTrip_codingRound_Asmit.SignInTest -->
    </test> <!-- Test -->
  </suite> <!-- Suite -->
</testng-results>
